<?xml version="1.0" encoding="UTF-8"?>
<testng-results ignored="0" total="1" passed="1" failed="0" skipped="0">
  <reporter-output>
  </reporter-output>
  <suite started-at="2022-01-16T12:20:58 IST" name="Default suite" finished-at="2022-01-16T12:22:04 IST" duration-ms="66331">
    <groups>
    </groups>
    <test started-at="2022-01-16T12:20:58 IST" name="Default test" finished-at="2022-01-16T12:22:04 IST" duration-ms="66331">
      <class name="selenium.AmazonAutomation">
        <test-method is-config="true" signature="BT()[pri:0, instance:selenium.AmazonAutomation@76c3e77a]" started-at="2022-01-16T12:20:58 IST" name="BT" finished-at="2022-01-16T12:21:09 IST" duration-ms="11286" status="PASS">
          <reporter-output>
          </reporter-output>
        </test-method> <!-- BT -->
        <test-method signature="amazon()[pri:0, instance:selenium.AmazonAutomation@76c3e77a]" started-at="2022-01-16T12:21:09 IST" name="amazon" finished-at="2022-01-16T12:22:00 IST" duration-ms="51430" status="PASS">
          <reporter-output>
          </reporter-output>
        </test-method> <!-- amazon -->
        <test-method is-config="true" signature="AT()[pri:0, instance:selenium.AmazonAutomation@76c3e77a]" started-at="2022-01-16T12:22:00 IST" name="AT" finished-at="2022-01-16T12:22:04 IST" duration-ms="3535" status="PASS">
          <reporter-output>
          </reporter-output>
        </test-method> <!-- AT -->
      </class> <!-- selenium.AmazonAutomation -->
    </test> <!-- Default test -->
  </suite> <!-- Default suite -->
</testng-results>
